[INFO  - 2015-11-13T17:56:07.734Z] GhostDriver - Main - running on port 16247
[INFO  - 2015-11-13T17:56:08.450Z] Session [d14eb340-8a2f-11e5-a23c-4958b03804eb] - page.settings - {"XSSAuditingEnabled":false,"javascriptCanCloseWindows":true,"javascriptCanOpenWindows":true,"javascriptEnabled":true,"loadImages":true,"localToRemoteUrlAccessEnabled":false,"userAgent":"Mozilla/5.0 (Windows NT 6.2; WOW64) AppleWebKit/538.1 (KHTML, like Gecko) PhantomJS/2.0.0 Safari/538.1","webSecurityEnabled":true}
[INFO  - 2015-11-13T17:56:08.450Z] Session [d14eb340-8a2f-11e5-a23c-4958b03804eb] - page.customHeaders:  - {}
[INFO  - 2015-11-13T17:56:08.450Z] Session [d14eb340-8a2f-11e5-a23c-4958b03804eb] - Session.negotiatedCapabilities - {"browserName":"phantomjs","version":"2.0.0","driverName":"ghostdriver","driverVersion":"1.2.0","platform":"windows-unknown-32bit","javascriptEnabled":true,"takesScreenshot":true,"handlesAlerts":false,"databaseEnabled":false,"locationContextEnabled":false,"applicationCacheEnabled":false,"browserConnectionEnabled":false,"cssSelectorsEnabled":true,"webStorageEnabled":false,"rotatable":false,"acceptSslCerts":false,"nativeEvents":true,"proxy":{"proxyType":"direct"}}
[INFO  - 2015-11-13T17:56:08.451Z] SessionManagerReqHand - _postNewSessionCommand - New Session Created: d14eb340-8a2f-11e5-a23c-4958b03804eb
[INFO  - 2015-11-13T17:56:27.940Z] ShutdownReqHand - _handle - About to shutdown
[INFO  - 2015-11-13T18:03:13.151Z] GhostDriver - Main - running on port 40616
[INFO  - 2015-11-13T18:03:13.780Z] Session [ced2c150-8a30-11e5-8558-976459ff1ac4] - page.settings - {"XSSAuditingEnabled":false,"javascriptCanCloseWindows":true,"javascriptCanOpenWindows":true,"javascriptEnabled":true,"loadImages":true,"localToRemoteUrlAccessEnabled":false,"userAgent":"Mozilla/5.0 (Windows NT 6.2; WOW64) AppleWebKit/538.1 (KHTML, like Gecko) PhantomJS/2.0.0 Safari/538.1","webSecurityEnabled":true}
[INFO  - 2015-11-13T18:03:13.780Z] Session [ced2c150-8a30-11e5-8558-976459ff1ac4] - page.customHeaders:  - {}
[INFO  - 2015-11-13T18:03:13.780Z] Session [ced2c150-8a30-11e5-8558-976459ff1ac4] - Session.negotiatedCapabilities - {"browserName":"phantomjs","version":"2.0.0","driverName":"ghostdriver","driverVersion":"1.2.0","platform":"windows-unknown-32bit","javascriptEnabled":true,"takesScreenshot":true,"handlesAlerts":false,"databaseEnabled":false,"locationContextEnabled":false,"applicationCacheEnabled":false,"browserConnectionEnabled":false,"cssSelectorsEnabled":true,"webStorageEnabled":false,"rotatable":false,"acceptSslCerts":false,"nativeEvents":true,"proxy":{"proxyType":"direct"}}
[INFO  - 2015-11-13T18:03:13.780Z] SessionManagerReqHand - _postNewSessionCommand - New Session Created: ced2c150-8a30-11e5-8558-976459ff1ac4
[INFO  - 2015-11-13T18:03:30.751Z] ShutdownReqHand - _handle - About to shutdown
[INFO  - 2015-11-13T18:08:31.269Z] GhostDriver - Main - running on port 30746
[INFO  - 2015-11-13T18:08:32.602Z] Session [8cdb48c0-8a31-11e5-97cb-5f5d9885dd90] - page.settings - {"XSSAuditingEnabled":false,"javascriptCanCloseWindows":true,"javascriptCanOpenWindows":true,"javascriptEnabled":true,"loadImages":true,"localToRemoteUrlAccessEnabled":false,"userAgent":"Mozilla/5.0 (Windows NT 6.2; WOW64) AppleWebKit/538.1 (KHTML, like Gecko) PhantomJS/2.0.0 Safari/538.1","webSecurityEnabled":true}
[INFO  - 2015-11-13T18:08:32.602Z] Session [8cdb48c0-8a31-11e5-97cb-5f5d9885dd90] - page.customHeaders:  - {}
[INFO  - 2015-11-13T18:08:32.603Z] Session [8cdb48c0-8a31-11e5-97cb-5f5d9885dd90] - Session.negotiatedCapabilities - {"browserName":"phantomjs","version":"2.0.0","driverName":"ghostdriver","driverVersion":"1.2.0","platform":"windows-unknown-32bit","javascriptEnabled":true,"takesScreenshot":true,"handlesAlerts":false,"databaseEnabled":false,"locationContextEnabled":false,"applicationCacheEnabled":false,"browserConnectionEnabled":false,"cssSelectorsEnabled":true,"webStorageEnabled":false,"rotatable":false,"acceptSslCerts":false,"nativeEvents":true,"proxy":{"proxyType":"direct"}}
[INFO  - 2015-11-13T18:08:32.603Z] SessionManagerReqHand - _postNewSessionCommand - New Session Created: 8cdb48c0-8a31-11e5-97cb-5f5d9885dd90
[INFO  - 2015-11-13T18:08:50.471Z] ShutdownReqHand - _handle - About to shutdown
[INFO  - 2015-11-13T18:09:27.148Z] GhostDriver - Main - running on port 32632
[INFO  - 2015-11-13T18:09:27.767Z] Session [adbca480-8a31-11e5-a779-3fae51bd79d9] - page.settings - {"XSSAuditingEnabled":false,"javascriptCanCloseWindows":true,"javascriptCanOpenWindows":true,"javascriptEnabled":true,"loadImages":true,"localToRemoteUrlAccessEnabled":false,"userAgent":"Mozilla/5.0 (Windows NT 6.2; WOW64) AppleWebKit/538.1 (KHTML, like Gecko) PhantomJS/2.0.0 Safari/538.1","webSecurityEnabled":true}
[INFO  - 2015-11-13T18:09:27.767Z] Session [adbca480-8a31-11e5-a779-3fae51bd79d9] - page.customHeaders:  - {}
[INFO  - 2015-11-13T18:09:27.767Z] Session [adbca480-8a31-11e5-a779-3fae51bd79d9] - Session.negotiatedCapabilities - {"browserName":"phantomjs","version":"2.0.0","driverName":"ghostdriver","driverVersion":"1.2.0","platform":"windows-unknown-32bit","javascriptEnabled":true,"takesScreenshot":true,"handlesAlerts":false,"databaseEnabled":false,"locationContextEnabled":false,"applicationCacheEnabled":false,"browserConnectionEnabled":false,"cssSelectorsEnabled":true,"webStorageEnabled":false,"rotatable":false,"acceptSslCerts":false,"nativeEvents":true,"proxy":{"proxyType":"direct"}}
[INFO  - 2015-11-13T18:09:27.767Z] SessionManagerReqHand - _postNewSessionCommand - New Session Created: adbca480-8a31-11e5-a779-3fae51bd79d9
[INFO  - 2015-11-13T18:09:55.838Z] ShutdownReqHand - _handle - About to shutdown
[INFO  - 2015-11-13T18:12:53.699Z] GhostDriver - Main - running on port 26412
[INFO  - 2015-11-13T18:12:54.355Z] Session [28df9f50-8a32-11e5-8fd8-ed9e9566d868] - page.settings - {"XSSAuditingEnabled":false,"javascriptCanCloseWindows":true,"javascriptCanOpenWindows":true,"javascriptEnabled":true,"loadImages":true,"localToRemoteUrlAccessEnabled":false,"userAgent":"Mozilla/5.0 (Windows NT 6.2; WOW64) AppleWebKit/538.1 (KHTML, like Gecko) PhantomJS/2.0.0 Safari/538.1","webSecurityEnabled":true}
[INFO  - 2015-11-13T18:12:54.356Z] Session [28df9f50-8a32-11e5-8fd8-ed9e9566d868] - page.customHeaders:  - {}
[INFO  - 2015-11-13T18:12:54.356Z] Session [28df9f50-8a32-11e5-8fd8-ed9e9566d868] - Session.negotiatedCapabilities - {"browserName":"phantomjs","version":"2.0.0","driverName":"ghostdriver","driverVersion":"1.2.0","platform":"windows-unknown-32bit","javascriptEnabled":true,"takesScreenshot":true,"handlesAlerts":false,"databaseEnabled":false,"locationContextEnabled":false,"applicationCacheEnabled":false,"browserConnectionEnabled":false,"cssSelectorsEnabled":true,"webStorageEnabled":false,"rotatable":false,"acceptSslCerts":false,"nativeEvents":true,"proxy":{"proxyType":"direct"}}
[INFO  - 2015-11-13T18:12:54.356Z] SessionManagerReqHand - _postNewSessionCommand - New Session Created: 28df9f50-8a32-11e5-8fd8-ed9e9566d868
[INFO  - 2015-11-13T18:13:08.919Z] ShutdownReqHand - _handle - About to shutdown
[INFO  - 2015-11-13T18:20:57.056Z] GhostDriver - Main - running on port 45636
[INFO  - 2015-11-13T18:20:58.386Z] Session [4960bd30-8a33-11e5-86b7-bdef96e11130] - page.settings - {"XSSAuditingEnabled":false,"javascriptCanCloseWindows":true,"javascriptCanOpenWindows":true,"javascriptEnabled":true,"loadImages":true,"localToRemoteUrlAccessEnabled":false,"userAgent":"Mozilla/5.0 (Windows NT 6.2; WOW64) AppleWebKit/538.1 (KHTML, like Gecko) PhantomJS/2.0.0 Safari/538.1","webSecurityEnabled":true}
[INFO  - 2015-11-13T18:20:58.386Z] Session [4960bd30-8a33-11e5-86b7-bdef96e11130] - page.customHeaders:  - {}
[INFO  - 2015-11-13T18:20:58.386Z] Session [4960bd30-8a33-11e5-86b7-bdef96e11130] - Session.negotiatedCapabilities - {"browserName":"phantomjs","version":"2.0.0","driverName":"ghostdriver","driverVersion":"1.2.0","platform":"windows-unknown-32bit","javascriptEnabled":true,"takesScreenshot":true,"handlesAlerts":false,"databaseEnabled":false,"locationContextEnabled":false,"applicationCacheEnabled":false,"browserConnectionEnabled":false,"cssSelectorsEnabled":true,"webStorageEnabled":false,"rotatable":false,"acceptSslCerts":false,"nativeEvents":true,"proxy":{"proxyType":"direct"}}
[INFO  - 2015-11-13T18:20:58.387Z] SessionManagerReqHand - _postNewSessionCommand - New Session Created: 4960bd30-8a33-11e5-86b7-bdef96e11130
[INFO  - 2015-11-13T18:21:26.447Z] ShutdownReqHand - _handle - About to shutdown
[INFO  - 2015-11-13T18:23:30.832Z] GhostDriver - Main - running on port 39720
[INFO  - 2015-11-13T18:23:31.287Z] Session [a483bb90-8a33-11e5-bc34-83748dcc797e] - page.settings - {"XSSAuditingEnabled":false,"javascriptCanCloseWindows":true,"javascriptCanOpenWindows":true,"javascriptEnabled":true,"loadImages":true,"localToRemoteUrlAccessEnabled":false,"userAgent":"Mozilla/5.0 (Windows NT 6.2; WOW64) AppleWebKit/538.1 (KHTML, like Gecko) PhantomJS/2.0.0 Safari/538.1","webSecurityEnabled":true}
[INFO  - 2015-11-13T18:23:31.288Z] Session [a483bb90-8a33-11e5-bc34-83748dcc797e] - page.customHeaders:  - {}
[INFO  - 2015-11-13T18:23:31.288Z] Session [a483bb90-8a33-11e5-bc34-83748dcc797e] - Session.negotiatedCapabilities - {"browserName":"phantomjs","version":"2.0.0","driverName":"ghostdriver","driverVersion":"1.2.0","platform":"windows-unknown-32bit","javascriptEnabled":true,"takesScreenshot":true,"handlesAlerts":false,"databaseEnabled":false,"locationContextEnabled":false,"applicationCacheEnabled":false,"browserConnectionEnabled":false,"cssSelectorsEnabled":true,"webStorageEnabled":false,"rotatable":false,"acceptSslCerts":false,"nativeEvents":true,"proxy":{"proxyType":"direct"}}
[INFO  - 2015-11-13T18:23:31.288Z] SessionManagerReqHand - _postNewSessionCommand - New Session Created: a483bb90-8a33-11e5-bc34-83748dcc797e
[INFO  - 2015-11-13T18:23:58.159Z] ShutdownReqHand - _handle - About to shutdown
